::1 - - [07/Feb/2025:17:03:12 +0500] "GET / HTTP/1.1" 200 80394
::1 - - [07/Feb/2025:17:03:12 +0500] "GET / HTTP/1.1" 200 79793
::1 - - [07/Feb/2025:17:03:13 +0500] "GET / HTTP/1.1" 200 79793
::1 - - [07/Feb/2025:17:03:13 +0500] "GET / HTTP/1.1" 200 79792
::1 - - [07/Feb/2025:17:03:13 +0500] "GET / HTTP/1.1" 200 79793
::1 - - [07/Feb/2025:17:03:14 +0500] "GET / HTTP/1.1" 200 79793
::1 - - [07/Feb/2025:17:03:14 +0500] "GET / HTTP/1.1" 200 79793
::1 - - [07/Feb/2025:17:04:07 +0500] "-" 408 -
::1 - - [07/Feb/2025:17:06:22 +0500] "GET / HTTP/1.1" 200 461
::1 - - [07/Feb/2025:17:06:25 +0500] "POST /display.php HTTP/1.1" 200 31
::1 - - [07/Feb/2025:17:06:39 +0500] "POST /display.php HTTP/1.1" 200 31
::1 - - [07/Feb/2025:17:07:18 +0500] "GET / HTTP/1.1" 200 455
::1 - - [07/Feb/2025:17:07:19 +0500] "GET / HTTP/1.1" 304 -
::1 - - [07/Feb/2025:17:07:19 +0500] "GET / HTTP/1.1" 304 -
::1 - - [07/Feb/2025:17:07:19 +0500] "GET / HTTP/1.1" 304 -
::1 - - [07/Feb/2025:17:07:24 +0500] "GET / HTTP/1.1" 304 -
::1 - - [07/Feb/2025:17:07:42 +0500] "GET / HTTP/1.1" 304 -
::1 - - [07/Feb/2025:17:07:46 +0500] "GET / HTTP/1.1" 304 -
::1 - - [07/Feb/2025:17:08:46 +0500] "-" 408 -
::1 - - [07/Feb/2025:17:09:11 +0500] "GET / HTTP/1.1" 304 -
::1 - - [07/Feb/2025:17:09:12 +0500] "GET / HTTP/1.1" 304 -
::1 - - [07/Feb/2025:17:09:13 +0500] "GET / HTTP/1.1" 304 -
::1 - - [07/Feb/2025:17:09:13 +0500] "GET / HTTP/1.1" 304 -
::1 - - [07/Feb/2025:17:09:13 +0500] "GET / HTTP/1.1" 304 -
::1 - - [07/Feb/2025:17:09:14 +0500] "POST /display.php HTTP/1.1" 200 31
127.0.0.1 - - [07/Feb/2025:17:10:11 +0500] "-" 408 -
::1 - - [07/Feb/2025:17:10:11 +0500] "-" 408 -
::1 - - [08/Feb/2025:14:04:14 +0500] "GET / HTTP/1.1" 200 455
::1 - - [08/Feb/2025:14:04:14 +0500] "GET /favicon.ico HTTP/1.1" 404 196
::1 - - [08/Feb/2025:14:22:00 +0500] "GET / HTTP/1.1" 200 525
::1 - - [08/Feb/2025:14:22:01 +0500] "GET / HTTP/1.1" 200 525
::1 - - [08/Feb/2025:14:22:01 +0500] "GET / HTTP/1.1" 200 525
::1 - - [08/Feb/2025:14:22:01 +0500] "GET / HTTP/1.1" 200 525
::1 - - [08/Feb/2025:14:22:02 +0500] "GET / HTTP/1.1" 200 525
::1 - - [08/Feb/2025:14:22:02 +0500] "GET / HTTP/1.1" 200 525
::1 - - [08/Feb/2025:14:22:02 +0500] "GET / HTTP/1.1" 200 525
::1 - - [08/Feb/2025:14:22:05 +0500] "GET / HTTP/1.1" 200 525
::1 - - [08/Feb/2025:14:22:05 +0500] "GET / HTTP/1.1" 200 525
::1 - - [08/Feb/2025:14:22:05 +0500] "GET / HTTP/1.1" 200 525
::1 - - [08/Feb/2025:14:22:05 +0500] "GET / HTTP/1.1" 200 525
::1 - - [08/Feb/2025:14:22:09 +0500] "GET /api.php HTTP/1.1" 403 27
::1 - - [08/Feb/2025:14:23:00 +0500] "-" 408 -
::1 - - [08/Feb/2025:14:25:04 +0500] "GET / HTTP/1.1" 200 525
::1 - - [08/Feb/2025:14:25:05 +0500] "GET / HTTP/1.1" 200 525
::1 - - [08/Feb/2025:14:25:05 +0500] "GET / HTTP/1.1" 200 525
::1 - - [08/Feb/2025:14:25:05 +0500] "GET / HTTP/1.1" 200 525
::1 - - [08/Feb/2025:14:25:06 +0500] "GET / HTTP/1.1" 200 525
::1 - - [08/Feb/2025:14:25:06 +0500] "GET / HTTP/1.1" 200 525
::1 - - [08/Feb/2025:14:25:06 +0500] "GET / HTTP/1.1" 200 525
::1 - - [08/Feb/2025:14:25:07 +0500] "GET /fetch_excel.php HTTP/1.1" 500 -
::1 - - [08/Feb/2025:14:25:12 +0500] "GET /composer.lock HTTP/1.1" 200 21272
::1 - - [08/Feb/2025:14:26:12 +0500] "-" 408 -
::1 - - [08/Feb/2025:14:30:22 +0500] "GET / HTTP/1.1" 200 569
::1 - - [08/Feb/2025:14:30:44 +0500] "GET / HTTP/1.1" 200 569
::1 - - [08/Feb/2025:14:30:44 +0500] "GET / HTTP/1.1" 200 569
::1 - - [08/Feb/2025:14:30:31 +0500] "GET /fetch_excel.php HTTP/1.1" 500 -
::1 - - [08/Feb/2025:14:30:44 +0500] "GET / HTTP/1.1" 200 569
::1 - - [08/Feb/2025:14:30:45 +0500] "GET / HTTP/1.1" 200 569
::1 - - [08/Feb/2025:14:30:45 +0500] "GET / HTTP/1.1" 200 569
::1 - - [08/Feb/2025:14:30:50 +0500] "GET /api.php HTTP/1.1" 403 27
::1 - - [08/Feb/2025:14:30:51 +0500] "GET /api.php HTTP/1.1" 403 27
::1 - - [08/Feb/2025:14:30:52 +0500] "GET /api.php HTTP/1.1" 403 27
::1 - - [08/Feb/2025:14:30:53 +0500] "GET /api.php HTTP/1.1" 403 27
::1 - - [08/Feb/2025:14:30:53 +0500] "GET /api.php HTTP/1.1" 403 27
::1 - - [08/Feb/2025:14:30:53 +0500] "GET /api.php HTTP/1.1" 403 27
::1 - - [08/Feb/2025:14:30:53 +0500] "GET /api.php HTTP/1.1" 403 27
::1 - - [08/Feb/2025:14:30:53 +0500] "GET /api.php HTTP/1.1" 403 27
::1 - - [08/Feb/2025:14:30:47 +0500] "GET /fetch_excel.php HTTP/1.1" 500 -
::1 - - [08/Feb/2025:14:30:55 +0500] "GET /fetch_excel.php HTTP/1.1" 500 -
::1 - - [08/Feb/2025:14:31:50 +0500] "-" 408 -
::1 - - [08/Feb/2025:14:34:29 +0500] "GET /api.php HTTP/1.1" 403 27
::1 - - [08/Feb/2025:14:34:30 +0500] "GET /api.php HTTP/1.1" 403 27
::1 - - [08/Feb/2025:14:34:31 +0500] "GET / HTTP/1.1" 200 613
::1 - - [08/Feb/2025:14:34:32 +0500] "GET / HTTP/1.1" 200 613
::1 - - [08/Feb/2025:14:34:32 +0500] "GET /data.json HTTP/1.1" 200 -
::1 - - [08/Feb/2025:14:34:34 +0500] "GET /api.php HTTP/1.1" 403 27
::1 - - [08/Feb/2025:14:34:36 +0500] "GET /api.php HTTP/1.1" 403 27
::1 - - [08/Feb/2025:14:34:26 +0500] "GET /fetch_excel.php HTTP/1.1" 500 -
::1 - - [08/Feb/2025:14:35:29 +0500] "-" 408 -
::1 - - [08/Feb/2025:14:36:11 +0500] "GET /api.php HTTP/1.1" 403 27
::1 - - [08/Feb/2025:14:37:11 +0500] "-" 408 -
::1 - - [08/Feb/2025:14:38:43 +0500] "GET / HTTP/1.1" 200 613
::1 - - [08/Feb/2025:14:38:44 +0500] "GET /api.php HTTP/1.1" 403 27
::1 - - [08/Feb/2025:14:38:45 +0500] "GET /api.php HTTP/1.1" 403 27
::1 - - [08/Feb/2025:14:38:45 +0500] "GET /api.php HTTP/1.1" 403 27
::1 - - [08/Feb/2025:14:38:46 +0500] "GET /api.php HTTP/1.1" 403 27
::1 - - [08/Feb/2025:14:38:47 +0500] "GET /fetch_excel.php HTTP/1.1" 500 -
::1 - - [08/Feb/2025:14:39:02 +0500] "GET /api.php HTTP/1.1" 403 27
::1 - - [08/Feb/2025:14:39:03 +0500] "GET /api.php HTTP/1.1" 403 27
::1 - - [08/Feb/2025:14:39:03 +0500] "GET /api.php HTTP/1.1" 403 27
::1 - - [08/Feb/2025:14:39:03 +0500] "GET /api.php HTTP/1.1" 403 27
::1 - - [08/Feb/2025:14:39:04 +0500] "GET /api.php HTTP/1.1" 403 27
::1 - - [08/Feb/2025:14:39:04 +0500] "GET /api.php HTTP/1.1" 403 27
::1 - - [08/Feb/2025:14:39:04 +0500] "GET /api.php HTTP/1.1" 403 27
::1 - - [08/Feb/2025:14:40:02 +0500] "-" 408 -
::1 - - [08/Feb/2025:14:41:09 +0500] "GET /fetch_excel.php HTTP/1.1" 500 -
::1 - - [08/Feb/2025:14:42:09 +0500] "-" 408 -
::1 - - [08/Feb/2025:14:56:39 +0500] "GET / HTTP/1.1" 500 -
::1 - - [08/Feb/2025:14:56:42 +0500] "GET /fetch_excel.php HTTP/1.1" 500 -
::1 - - [08/Feb/2025:14:56:52 +0500] "GET / HTTP/1.1" 500 -
::1 - - [08/Feb/2025:14:57:52 +0500] "-" 408 -
::1 - - [08/Feb/2025:15:21:34 +0500] "GET / HTTP/1.1" 500 -
::1 - - [08/Feb/2025:15:22:34 +0500] "-" 408 -
::1 - - [08/Feb/2025:15:26:39 +0500] "GET / HTTP/1.1" 500 602
::1 - - [08/Feb/2025:15:27:39 +0500] "-" 408 -
::1 - - [08/Feb/2025:15:28:08 +0500] "GET / HTTP/1.1" 500 135
::1 - - [08/Feb/2025:15:29:08 +0500] "-" 408 -
::1 - - [08/Feb/2025:15:29:12 +0500] "GET / HTTP/1.1" 500 602
::1 - - [08/Feb/2025:15:30:12 +0500] "-" 408 -
::1 - - [08/Feb/2025:15:31:33 +0500] "GET / HTTP/1.1" 500 -
::1 - - [08/Feb/2025:15:32:09 +0500] "GET / HTTP/1.1" 500 -
::1 - - [08/Feb/2025:15:33:09 +0500] "-" 408 -
::1 - - [08/Feb/2025:15:35:50 +0500] "-" 408 -
::1 - - [08/Feb/2025:15:33:20 +0500] "GET / HTTP/1.1" 500 61
::1 - - [08/Feb/2025:15:33:45 +0500] "GET / HTTP/1.1" 500 61
::1 - - [08/Feb/2025:15:34:22 +0500] "GET / HTTP/1.1" 500 67
::1 - - [08/Feb/2025:15:34:23 +0500] "GET / HTTP/1.1" 500 67
::1 - - [08/Feb/2025:15:34:23 +0500] "GET / HTTP/1.1" 500 67
::1 - - [08/Feb/2025:15:34:23 +0500] "GET / HTTP/1.1" 500 67
::1 - - [08/Feb/2025:15:34:23 +0500] "GET / HTTP/1.1" 500 67
::1 - - [08/Feb/2025:15:34:24 +0500] "GET / HTTP/1.1" 500 67
::1 - - [08/Feb/2025:15:34:48 +0500] "GET / HTTP/1.1" 500 67
::1 - - [08/Feb/2025:15:34:50 +0500] "GET / HTTP/1.1" 500 67
::1 - - [08/Feb/2025:15:41:43 +0500] "GET / HTTP/1.1" 200 830
::1 - - [08/Feb/2025:15:41:45 +0500] "GET /?update=true HTTP/1.1" 200 67
::1 - - [08/Feb/2025:15:43:39 +0500] "GET /index.php?update=true&api_key=my_secret_api_key&sub1=20250208-2143-3116-9c11-59d2caf6ba9b HTTP/1.1" 200 67
::1 - - [08/Feb/2025:15:43:56 +0500] "GET /index.php?update=true&api_key=my_secret_api_key HTTP/1.1" 200 67
::1 - - [08/Feb/2025:15:44:31 +0500] "GET /index.php?update=true&api_key=my_secret_api_key12 HTTP/1.1" 200 67
::1 - - [08/Feb/2025:15:45:01 +0500] "GET /index.php?update=true&api_key=my_secret_api_key12 HTTP/1.1" 200 67
::1 - - [08/Feb/2025:15:45:07 +0500] "GET /?update=true HTTP/1.1" 200 67
::1 - - [08/Feb/2025:15:45:24 +0500] "GET /index.php?update=true&api_key=my_secret_api_key12123123 HTTP/1.1" 200 67
::1 - - [08/Feb/2025:15:45:49 +0500] "GET /index.php?update=true&api_key=your_static_api_key_here HTTP/1.1" 200 67
::1 - - [08/Feb/2025:15:46:17 +0500] "GET /data.json HTTP/1.1" 200 65
::1 - - [08/Feb/2025:15:46:19 +0500] "GET /data.json HTTP/1.1" 304 -
::1 - - [08/Feb/2025:15:46:19 +0500] "GET /data.json HTTP/1.1" 304 -
::1 - - [08/Feb/2025:15:47:17 +0500] "-" 408 -
::1 - - [08/Feb/2025:15:48:24 +0500] "GET /index.php?update=true&api_key=your_static_api_key_here1 HTTP/1.1" 403 27
::1 - - [08/Feb/2025:15:48:21 +0500] "GET /index.php?update=true&api_key=your_static_api_key_here HTTP/1.1" 200 67
::1 - - [08/Feb/2025:15:48:26 +0500] "GET /index.php?update=true&api_key=your_static_api_key_here HTTP/1.1" 200 67
::1 - - [08/Feb/2025:15:49:02 +0500] "GET /index.php?update=true&api_key=1cj1k2i3k1ll2osao2l123l12lsal2p1 HTTP/1.1" 403 27
::1 - - [08/Feb/2025:15:48:59 +0500] "GET /index.php?update=true&api_key=1cj1k2i3k1ll2osao2l123l12lsal2p HTTP/1.1" 200 67
::1 - - [08/Feb/2025:15:49:04 +0500] "GET /index.php?update=true&api_key=1cj1k2i3k1ll2osao2l123l12lsal2p HTTP/1.1" 200 67
::1 - - [08/Feb/2025:15:50:02 +0500] "-" 408 -
::1 - - [08/Feb/2025:15:52:37 +0500] "GET / HTTP/1.1" 403 27
::1 - - [08/Feb/2025:15:52:37 +0500] "GET /favicon.ico HTTP/1.1" 404 196
::1 - - [08/Feb/2025:15:52:39 +0500] "GET / HTTP/1.1" 403 27
::1 - - [08/Feb/2025:15:52:39 +0500] "GET / HTTP/1.1" 403 27
::1 - - [08/Feb/2025:15:52:39 +0500] "GET / HTTP/1.1" 403 27
::1 - - [08/Feb/2025:15:52:39 +0500] "GET / HTTP/1.1" 403 27
::1 - - [08/Feb/2025:15:52:39 +0500] "GET / HTTP/1.1" 403 27
::1 - - [08/Feb/2025:15:53:04 +0500] "GET /?update=true HTTP/1.1" 403 27
::1 - - [08/Feb/2025:15:53:05 +0500] "GET /?update=true HTTP/1.1" 403 27
::1 - - [08/Feb/2025:15:53:05 +0500] "GET /?update=true HTTP/1.1" 403 27
::1 - - [08/Feb/2025:15:53:05 +0500] "GET /?update=true HTTP/1.1" 403 27
::1 - - [08/Feb/2025:15:53:05 +0500] "GET /?update=true HTTP/1.1" 403 27
::1 - - [08/Feb/2025:15:53:05 +0500] "GET /?update=true HTTP/1.1" 403 27
::1 - - [08/Feb/2025:15:53:34 +0500] "GET /index.php?update=true&api_key=1cj1k2i3k1ll2osao2l123l12lsal2p HTTP/1.1" 403 27
::1 - - [08/Feb/2025:15:53:26 +0500] "GET /index.php?update=true&api_key=my_secret_api_key HTTP/1.1" 200 40
::1 - - [08/Feb/2025:15:53:37 +0500] "-" 408 -
::1 - - [08/Feb/2025:15:53:40 +0500] "GET /index.php?update=true&api_key=my_secret_api_key HTTP/1.1" 200 40
::1 - - [08/Feb/2025:15:54:40 +0500] "-" 408 -
::1 - - [08/Feb/2025:15:55:46 +0500] "GET /index.php?update=true&api_key=your_static_api_key_here HTTP/1.1" 200 2029
::1 - - [08/Feb/2025:15:56:06 +0500] "GET /index.php?update=true&api_key=my_secret_api_key HTTP/1.1" 403 27
::1 - - [08/Feb/2025:15:56:07 +0500] "GET /index.php?update=true&api_key=my_secret_api_key HTTP/1.1" 403 27
::1 - - [08/Feb/2025:15:56:07 +0500] "GET /index.php?update=true&api_key=my_secret_api_key HTTP/1.1" 403 27
::1 - - [08/Feb/2025:15:56:08 +0500] "GET /index.php?update=true&api_key=my_secret_api_key HTTP/1.1" 403 27
::1 - - [08/Feb/2025:15:56:08 +0500] "GET /index.php?update=true&api_key=my_secret_api_key HTTP/1.1" 403 27
::1 - - [08/Feb/2025:15:57:06 +0500] "-" 408 -
::1 - - [08/Feb/2025:15:58:24 +0500] "GET / HTTP/1.1" 403 27
::1 - - [08/Feb/2025:15:58:24 +0500] "GET / HTTP/1.1" 403 27
::1 - - [08/Feb/2025:15:58:24 +0500] "GET / HTTP/1.1" 403 27
::1 - - [08/Feb/2025:15:58:25 +0500] "GET / HTTP/1.1" 403 27
::1 - - [08/Feb/2025:15:58:25 +0500] "GET / HTTP/1.1" 403 27
::1 - - [08/Feb/2025:15:58:25 +0500] "GET / HTTP/1.1" 403 27
::1 - - [08/Feb/2025:15:58:25 +0500] "GET / HTTP/1.1" 403 27
::1 - - [08/Feb/2025:15:58:25 +0500] "GET / HTTP/1.1" 403 27
::1 - - [08/Feb/2025:15:58:25 +0500] "GET / HTTP/1.1" 403 27
::1 - - [08/Feb/2025:15:58:26 +0500] "GET / HTTP/1.1" 403 27
::1 - - [08/Feb/2025:15:59:24 +0500] "-" 408 -
::1 - - [08/Feb/2025:16:12:42 +0500] "GET /index.php?update=true&api_key=your_static_api_key_here HTTP/1.1" 200 2029
::1 - - [08/Feb/2025:16:13:03 +0500] "GET /index.php?update=true&api_key=your_static_api_key_here1 HTTP/1.1" 403 27
::1 - - [08/Feb/2025:16:13:11 +0500] "GET /index.php?update=true&api_key=your_static_api_key_here HTTP/1.1" 200 2029
::1 - - [08/Feb/2025:16:14:11 +0500] "-" 408 -
::1 - - [08/Feb/2025:16:26:03 +0500] "GET / HTTP/1.1" 403 27
::1 - - [08/Feb/2025:16:26:09 +0500] "GET /index.php?update=true&api_key=my_secret_api_key HTTP/1.1" 403 27
::1 - - [08/Feb/2025:16:26:14 +0500] "GET /index.php?update=true&api_key=your_static_api_key_here HTTP/1.1" 200 2029
::1 - - [08/Feb/2025:16:27:05 +0500] "GET /data.json HTTP/1.1" 200 1961
::1 - - [08/Feb/2025:16:28:05 +0500] "-" 408 -
::1 - - [08/Feb/2025:16:28:19 +0500] "GET /index.php?update=true&api_key=your_static_api_key_here HTTP/1.1" 200 1944
::1 - - [08/Feb/2025:16:29:02 +0500] "GET /index.php?update=true&api_key=your_static_api_key_here HTTP/1.1" 200 1944
::1 - - [08/Feb/2025:16:29:09 +0500] "GET /index.php?update=true&api_key=your_static_api_key_here HTTP/1.1" 200 1944
::1 - - [08/Feb/2025:16:29:10 +0500] "GET /index.php?update=true&api_key=your_static_api_key_here HTTP/1.1" 200 1944
::1 - - [08/Feb/2025:16:29:21 +0500] "GET /favicon.ico HTTP/1.1" 404 196
::1 - - [08/Feb/2025:16:30:10 +0500] "-" 408 -
::1 - - [08/Feb/2025:16:30:58 +0500] "GET /index.php?update=true&api_key=your_static_api_key_here HTTP/1.1" 200 1961
::1 - - [08/Feb/2025:16:31:58 +0500] "-" 408 -
::1 - - [08/Feb/2025:16:32:40 +0500] "GET /index.php?update=true&api_key=your_static_api_key_here HTTP/1.1" 200 1961
::1 - - [08/Feb/2025:16:33:40 +0500] "-" 408 -
::1 - - [08/Feb/2025:16:56:15 +0500] "GET /index.php?update=true&api_key=your_static_api_key_here HTTP/1.1" 200 1961
