[Fri Feb 07 17:02:56.229408 2025] [core:warn] [pid 6492:tid 372] AH00098: pid file C:/Apache24/logs/httpd.pid overwritten -- Unclean shutdown of previous Apache run?
[Fri Feb 07 17:02:56.244419 2025] [mpm_winnt:notice] [pid 6492:tid 372] AH00455: Apache/2.4.63 (Win64) PHP/8.1.31 configured -- resuming normal operations
[Fri Feb 07 17:02:56.244419 2025] [mpm_winnt:notice] [pid 6492:tid 372] AH00456: Apache Lounge VS17 Server built: Feb  3 2025 10:10:51
[Fri Feb 07 17:02:56.244419 2025] [core:notice] [pid 6492:tid 372] AH00094: Command line: 'C:\\Apache24\\bin\\httpd.exe -d C:/Apache24'
[Fri Feb 07 17:02:56.248776 2025] [mpm_winnt:notice] [pid 6492:tid 372] AH00418: Parent: Created child process 6972
Apache server shutdown initiated...
pm_winnt:notice] [pid 6972:tid 368] AH00354: Child: Starting 64 worker threads.
[Fri Feb 07 17:07:31.314128 2025] [mpm_winnt:notice] [pid 6492:tid 372] AH00422: Parent: Received shutdown signal -- Shutting down the server.
[Fri Feb 07 17:07:38.303472 2025] [core:warn] [pid 6536:tid 372] AH00098: pid file C:/Apache24/logs/httpd.pid overwritten -- Unclean shutdown of previous Apache run?
[Fri Feb 07 17:07:38.318474 2025] [mpm_winnt:notice] [pid 6536:tid 372] AH00455: Apache/2.4.63 (Win64) PHP/8.1.31 configured -- resuming normal operations
[Fri Feb 07 17:07:38.318474 2025] [mpm_winnt:notice] [pid 6536:tid 372] AH00456: Apache Lounge VS17 Server built: Feb  3 2025 10:10:51
[Fri Feb 07 17:07:38.318474 2025] [core:notice] [pid 6536:tid 372] AH00094: Command line: 'C:\\Apache24\\bin\\httpd.exe -d C:/Apache24'
[Fri Feb 07 17:07:38.322815 2025] [mpm_winnt:notice] [pid 6536:tid 372] AH00418: Parent: Created child process 17648
Apache server shutdown initiated...
pm_winnt:notice] [pid 17648:tid 368] AH00354: Child: Starting 64 worker threads.
[Fri Feb 07 17:07:42.844883 2025] [mpm_winnt:notice] [pid 6972:tid 368] AH00364: Child: All worker threads have exited.
[Fri Feb 07 17:08:36.631602 2025] [mpm_winnt:notice] [pid 6536:tid 372] AH00422: Parent: Received shutdown signal -- Shutting down the server.
[Fri Feb 07 17:08:48.063816 2025] [mpm_winnt:notice] [pid 17648:tid 368] AH00364: Child: All worker threads have exited.
[Fri Feb 07 17:09:11.044010 2025] [core:warn] [pid 15696:tid 372] AH00098: pid file C:/Apache24/logs/httpd.pid overwritten -- Unclean shutdown of previous Apache run?
[Fri Feb 07 17:09:11.059017 2025] [mpm_winnt:notice] [pid 15696:tid 372] AH00455: Apache/2.4.63 (Win64) PHP/8.1.31 configured -- resuming normal operations
[Fri Feb 07 17:09:11.059017 2025] [mpm_winnt:notice] [pid 15696:tid 372] AH00456: Apache Lounge VS17 Server built: Feb  3 2025 10:10:51
[Fri Feb 07 17:09:11.059017 2025] [core:notice] [pid 15696:tid 372] AH00094: Command line: 'C:\\Apache24\\bin\\httpd.exe -d C:/Apache24'
[Fri Feb 07 17:09:11.063016 2025] [mpm_winnt:notice] [pid 15696:tid 372] AH00418: Parent: Created child process 11692
Apache server shutdown initiated...
pm_winnt:notice] [pid 11692:tid 372] AH00354: Child: Starting 64 worker threads.
[Fri Feb 07 17:16:01.106242 2025] [mpm_winnt:notice] [pid 15696:tid 372] AH00422: Parent: Received shutdown signal -- Shutting down the server.
[Fri Feb 07 17:16:03.121254 2025] [mpm_winnt:notice] [pid 11692:tid 372] AH00364: Child: All worker threads have exited.
[Fri Feb 07 17:16:03.140488 2025] [mpm_winnt:notice] [pid 15696:tid 372] AH00430: Parent: Child process 11692 exited successfully.
[Sat Feb 08 10:13:50.315722 2025] [mpm_winnt:notice] [pid 5064:tid 184] AH00455: Apache/2.4.63 (Win64) PHP/8.1.31 configured -- resuming normal operations
[Sat Feb 08 10:13:50.316726 2025] [mpm_winnt:notice] [pid 5064:tid 184] AH00456: Apache Lounge VS17 Server built: Feb  3 2025 10:10:51
[Sat Feb 08 10:13:50.316726 2025] [core:notice] [pid 5064:tid 184] AH00094: Command line: 'C:\\Apache24\\bin\\httpd.exe -d C:/Apache24'
[Sat Feb 08 10:13:50.318721 2025] [mpm_winnt:notice] [pid 5064:tid 184] AH00418: Parent: Created child process 10044
[Sat Feb 08 10:13:50.607124 2025] [mpm_winnt:notice] [pid 10044:tid 392] AH00354: Child: Starting 64 worker threads.
[Sat Feb 08 11:33:19.783767 2025] [core:warn] [pid 4736:tid 352] AH00098: pid file C:/Apache24/logs/httpd.pid overwritten -- Unclean shutdown of previous Apache run?
[Sat Feb 08 11:33:19.833843 2025] [mpm_winnt:notice] [pid 4736:tid 352] AH00455: Apache/2.4.63 (Win64) PHP/8.1.31 configured -- resuming normal operations
[Sat Feb 08 11:33:19.833843 2025] [mpm_winnt:notice] [pid 4736:tid 352] AH00456: Apache Lounge VS17 Server built: Feb  3 2025 10:10:51
[Sat Feb 08 11:33:19.833843 2025] [core:notice] [pid 4736:tid 352] AH00094: Command line: 'C:\\Apache24\\bin\\httpd.exe -d C:/Apache24'
[Sat Feb 08 11:33:19.836860 2025] [mpm_winnt:notice] [pid 4736:tid 352] AH00418: Parent: Created child process 9800
[Sat Feb 08 11:33:20.134833 2025] [mpm_winnt:notice] [pid 9800:tid 412] AH00354: Child: Starting 64 worker threads.
[Sat Feb 08 13:55:51.771213 2025] [core:warn] [pid 4944:tid 380] AH00098: pid file C:/Apache24/logs/httpd.pid overwritten -- Unclean shutdown of previous Apache run?
[Sat Feb 08 13:55:51.825615 2025] [mpm_winnt:notice] [pid 4944:tid 380] AH00455: Apache/2.4.63 (Win64) PHP/8.1.31 configured -- resuming normal operations
[Sat Feb 08 13:55:51.825615 2025] [mpm_winnt:notice] [pid 4944:tid 380] AH00456: Apache Lounge VS17 Server built: Feb  3 2025 10:10:51
[Sat Feb 08 13:55:51.825615 2025] [core:notice] [pid 4944:tid 380] AH00094: Command line: 'C:\\Apache24\\bin\\httpd.exe -d C:/Apache24'
[Sat Feb 08 13:55:51.829125 2025] [mpm_winnt:notice] [pid 4944:tid 380] AH00418: Parent: Created child process 8136
[Sat Feb 08 13:55:52.150903 2025] [mpm_winnt:notice] [pid 8136:tid 392] AH00354: Child: Starting 64 worker threads.
[Sat Feb 08 14:02:34.174776 2025] [mpm_winnt:notice] [pid 4944:tid 380] AH00422: Parent: Received shutdown signal -- Shutting down the server.
[Sat Feb 08 14:02:36.190565 2025] [mpm_winnt:notice] [pid 8136:tid 392] AH00364: Child: All worker threads have exited.
[Sat Feb 08 14:02:36.209557 2025] [mpm_winnt:notice] [pid 4944:tid 380] AH00430: Parent: Child process 8136 exited successfully.
[Sat Feb 08 14:03:01.788345 2025] [mpm_winnt:notice] [pid 5220:tid 368] AH00455: Apache/2.4.63 (Win64) PHP/8.1.31 configured -- resuming normal operations
[Sat Feb 08 14:03:01.788345 2025] [mpm_winnt:notice] [pid 5220:tid 368] AH00456: Apache Lounge VS17 Server built: Feb  3 2025 10:10:51
[Sat Feb 08 14:03:01.788345 2025] [core:notice] [pid 5220:tid 368] AH00094: Command line: 'C:\\Apache24\\bin\\httpd.exe -d C:/Apache24'
[Sat Feb 08 14:03:01.791346 2025] [mpm_winnt:notice] [pid 5220:tid 368] AH00418: Parent: Created child process 1668
[Sat Feb 08 14:03:02.093194 2025] [mpm_winnt:notice] [pid 1668:tid 368] AH00354: Child: Starting 64 worker threads.
[Sat Feb 08 14:12:04.618058 2025] [core:warn] [pid 3280:tid 352] AH00098: pid file C:/Apache24/logs/httpd.pid overwritten -- Unclean shutdown of previous Apache run?
[Sat Feb 08 14:12:04.642326 2025] [mpm_winnt:notice] [pid 3280:tid 352] AH00455: Apache/2.4.63 (Win64) PHP/8.1.31 configured -- resuming normal operations
[Sat Feb 08 14:12:04.642326 2025] [mpm_winnt:notice] [pid 3280:tid 352] AH00456: Apache Lounge VS17 Server built: Feb  3 2025 10:10:51
[Sat Feb 08 14:12:04.642326 2025] [core:notice] [pid 3280:tid 352] AH00094: Command line: 'C:\\Apache24\\bin\\httpd.exe -d C:/Apache24'
[Sat Feb 08 14:12:04.646319 2025] [mpm_winnt:notice] [pid 3280:tid 352] AH00418: Parent: Created child process 17980
[Sat Feb 08 14:12:04.882319 2025] [mpm_winnt:notice] [pid 17980:tid 368] AH00354: Child: Starting 64 worker threads.
[Sat Feb 08 14:25:08.713180 2025] [php:warn] [pid 17980:tid 1192] [client ::1:3209] PHP Warning:  file_get_contents(https://drive.google.com/uc?export=download&amp;id=$387774931): Failed to open stream: HTTP request failed! HTTP/1.1 404 Not Found\r\n in C:\\localhost\\fetch_excel.php on line 22, referer: http://localhost/
[Sat Feb 08 14:25:08.730165 2025] [php:error] [pid 17980:tid 1192] [client ::1:3209] PHP Fatal error:  Uncaught Error: Call to undefined function PhpOffice\\PhpSpreadsheet\\Reader\\mime_content_type() in C:\\localhost\\vendor\\phpoffice\\phpspreadsheet\\src\\PhpSpreadsheet\\Reader\\Csv.php:605\nStack trace:\n#0 C:\\localhost\\vendor\\phpoffice\\phpspreadsheet\\src\\PhpSpreadsheet\\IOFactory.php(162): PhpOffice\\PhpSpreadsheet\\Reader\\Csv->canRead()\n#1 C:\\localhost\\vendor\\phpoffice\\phpspreadsheet\\src\\PhpSpreadsheet\\IOFactory.php(104): PhpOffice\\PhpSpreadsheet\\IOFactory::createReaderForFile()\n#2 C:\\localhost\\fetch_excel.php(25): PhpOffice\\PhpSpreadsheet\\IOFactory::load()\n#3 C:\\localhost\\fetch_excel.php(46): getExcelData()\n#4 {main}\n  thrown in C:\\localhost\\vendor\\phpoffice\\phpspreadsheet\\src\\PhpSpreadsheet\\Reader\\Csv.php on line 605, referer: http://localhost/
[Sat Feb 08 14:30:44.643334 2025] [php:error] [pid 17980:tid 1196] [client ::1:3525] PHP Fatal error:  Allowed memory size of 134217728 bytes exhausted (tried to allocate 8388608 bytes) in C:\\localhost\\vendor\\phpoffice\\phpspreadsheet\\src\\PhpSpreadsheet\\Cell\\Cell.php on line 121, referer: http://localhost/
[Sat Feb 08 14:30:58.867545 2025] [php:error] [pid 17980:tid 1192] [client ::1:3530] PHP Fatal error:  Allowed memory size of 134217728 bytes exhausted (tried to allocate 8388608 bytes) in C:\\localhost\\vendor\\phpoffice\\phpspreadsheet\\src\\PhpSpreadsheet\\Cell\\Cell.php on line 121, referer: http://localhost/
[Sat Feb 08 14:31:07.099591 2025] [php:error] [pid 17980:tid 1188] [client ::1:3541] PHP Fatal error:  Allowed memory size of 134217728 bytes exhausted (tried to allocate 8388608 bytes) in C:\\localhost\\vendor\\phpoffice\\phpspreadsheet\\src\\PhpSpreadsheet\\Cell\\Cell.php on line 121, referer: http://localhost/
[Sat Feb 08 14:34:39.225104 2025] [php:error] [pid 17980:tid 1196] [client ::1:3712] PHP Fatal error:  Allowed memory size of 134217728 bytes exhausted (tried to allocate 8388608 bytes) in C:\\localhost\\vendor\\phpoffice\\phpspreadsheet\\src\\PhpSpreadsheet\\Cell\\Cell.php on line 121, referer: http://localhost/
[Sat Feb 08 14:38:59.385854 2025] [php:error] [pid 17980:tid 1188] [client ::1:3828] PHP Fatal error:  Allowed memory size of 134217728 bytes exhausted (tried to allocate 8388608 bytes) in C:\\localhost\\vendor\\phpoffice\\phpspreadsheet\\src\\PhpSpreadsheet\\Cell\\Cell.php on line 121, referer: http://localhost/
[Sat Feb 08 14:41:20.676591 2025] [php:error] [pid 17980:tid 1188] [client ::1:3845] PHP Fatal error:  Allowed memory size of 134217728 bytes exhausted (tried to allocate 8388608 bytes) in C:\\localhost\\vendor\\phpoffice\\phpspreadsheet\\src\\PhpSpreadsheet\\Cell\\Cell.php on line 121, referer: http://localhost/
[Sat Feb 08 14:56:51.974949 2025] [php:error] [pid 17980:tid 1192] [client ::1:5661] PHP Fatal error:  Allowed memory size of 134217728 bytes exhausted (tried to allocate 8388608 bytes) in C:\\localhost\\vendor\\phpoffice\\phpspreadsheet\\src\\PhpSpreadsheet\\Cell\\Cell.php on line 121
[Sat Feb 08 14:56:55.109949 2025] [php:error] [pid 17980:tid 1188] [client ::1:5673] PHP Fatal error:  Allowed memory size of 134217728 bytes exhausted (tried to allocate 8388608 bytes) in C:\\localhost\\vendor\\phpoffice\\phpspreadsheet\\src\\PhpSpreadsheet\\Cell\\Cell.php on line 121, referer: http://localhost/
[Sat Feb 08 14:57:03.480626 2025] [php:error] [pid 17980:tid 1192] [client ::1:5686] PHP Fatal error:  Allowed memory size of 134217728 bytes exhausted (tried to allocate 8388608 bytes) in C:\\localhost\\vendor\\phpoffice\\phpspreadsheet\\src\\PhpSpreadsheet\\Cell\\Cell.php on line 121
[Sat Feb 08 15:21:46.512778 2025] [php:error] [pid 17980:tid 1196] [client ::1:14799] PHP Fatal error:  Allowed memory size of 134217728 bytes exhausted (tried to allocate 8388608 bytes) in C:\\localhost\\vendor\\phpoffice\\phpspreadsheet\\src\\PhpSpreadsheet\\Cell\\Cell.php on line 121
[Sat Feb 08 15:27:11.046367 2025] [php:error] [pid 17980:tid 1192] [client ::1:14941] PHP Fatal error:  Maximum execution time of 30 seconds exceeded in C:\\localhost\\index.php on line 16
[Sat Feb 08 15:28:09.509334 2025] [php:warn] [pid 17980:tid 1196] [client ::1:14968] PHP Warning:  file_get_contents(https://docs.google.com/spreadsheets/d/e/2PACX-1vQyOUR_SPREADSHEET_ID/pub?output=csv): Failed to open stream: HTTP request failed! HTTP/1.1 404 Not Found\r\n in C:\\localhost\\index.php on line 16
[Sat Feb 08 15:28:20.039567 2025] [php:warn] [pid 17980:tid 1196] [client ::1:14968] PHP Warning:  file_get_contents(https://docs.google.com/spreadsheets/d/e/2PACX-1vQyOUR_SPREADSHEET_ID/pub?output=csv): Failed to open stream: HTTP request failed! HTTP/1.1 404 Not Found\r\n in C:\\localhost\\index.php on line 16
[Sat Feb 08 15:28:30.553095 2025] [php:warn] [pid 17980:tid 1196] [client ::1:14968] PHP Warning:  file_get_contents(https://docs.google.com/spreadsheets/d/e/2PACX-1vQyOUR_SPREADSHEET_ID/pub?output=csv): Failed to open stream: HTTP request failed! HTTP/1.1 404 Not Found\r\n in C:\\localhost\\index.php on line 16
[Sat Feb 08 15:28:40.558356 2025] [php:error] [pid 17980:tid 1196] [client ::1:14968] PHP Fatal error:  Maximum execution time of 30 seconds exceeded in C:\\localhost\\index.php on line 47
[Sat Feb 08 15:29:43.503888 2025] [php:error] [pid 17980:tid 1192] [client ::1:14989] PHP Fatal error:  Maximum execution time of 30 seconds exceeded in C:\\localhost\\index.php on line 16
[Sat Feb 08 15:31:45.489033 2025] [php:error] [pid 17980:tid 1196] [client ::1:1057] PHP Fatal error:  Allowed memory size of 134217728 bytes exhausted (tried to allocate 8388608 bytes) in C:\\localhost\\vendor\\phpoffice\\phpspreadsheet\\src\\PhpSpreadsheet\\Cell\\Cell.php on line 121
[Sat Feb 08 15:32:21.262913 2025] [php:error] [pid 17980:tid 1192] [client ::1:1058] PHP Fatal error:  Allowed memory size of 134217728 bytes exhausted (tried to allocate 8388608 bytes) in C:\\localhost\\vendor\\phpoffice\\phpspreadsheet\\src\\PhpSpreadsheet\\Cell\\Cell.php on line 121
[Sat Feb 08 15:33:24.535951 2025] [php:warn] [pid 17980:tid 1196] [client ::1:1318] PHP Warning:  DOMDocument::loadHTML(): Tag c-wiz invalid in Entity, line: 39 in C:\\localhost\\vendor\\phpoffice\\phpspreadsheet\\src\\PhpSpreadsheet\\Reader\\Html.php on line 703
[Sat Feb 08 15:33:24.535951 2025] [php:warn] [pid 17980:tid 1196] [client ::1:1318] PHP Warning:  DOMDocument::loadHTML(): Tag c-data invalid in Entity, line: 39 in C:\\localhost\\vendor\\phpoffice\\phpspreadsheet\\src\\PhpSpreadsheet\\Reader\\Html.php on line 703
[Sat Feb 08 15:33:24.535951 2025] [php:warn] [pid 17980:tid 1196] [client ::1:1318] PHP Warning:  DOMDocument::loadHTML(): Tag section invalid in Entity, line: 39 in C:\\localhost\\vendor\\phpoffice\\phpspreadsheet\\src\\PhpSpreadsheet\\Reader\\Html.php on line 703
[Sat Feb 08 15:33:24.535951 2025] [php:warn] [pid 17980:tid 1196] [client ::1:1318] PHP Warning:  DOMDocument::loadHTML(): Tag c-wiz invalid in Entity, line: 53 in C:\\localhost\\vendor\\phpoffice\\phpspreadsheet\\src\\PhpSpreadsheet\\Reader\\Html.php on line 703
[Sat Feb 08 15:33:24.536950 2025] [php:warn] [pid 17980:tid 1196] [client ::1:1318] PHP Warning:  DOMDocument::loadHTML(): Tag c-data invalid in Entity, line: 115 in C:\\localhost\\vendor\\phpoffice\\phpspreadsheet\\src\\PhpSpreadsheet\\Reader\\Html.php on line 703
[Sat Feb 08 15:33:24.536950 2025] [php:warn] [pid 17980:tid 1196] [client ::1:1318] PHP Warning:  DOMDocument::loadHTML(): Unexpected end tag : div in Entity, line: 115 in C:\\localhost\\vendor\\phpoffice\\phpspreadsheet\\src\\PhpSpreadsheet\\Reader\\Html.php on line 703
[Sat Feb 08 15:33:24.536950 2025] [php:warn] [pid 17980:tid 1196] [client ::1:1318] PHP Warning:  DOMDocument::loadHTML(): Tag c-wiz invalid in Entity, line: 115 in C:\\localhost\\vendor\\phpoffice\\phpspreadsheet\\src\\PhpSpreadsheet\\Reader\\Html.php on line 703
[Sat Feb 08 15:33:24.536950 2025] [php:warn] [pid 17980:tid 1196] [client ::1:1318] PHP Warning:  DOMDocument::loadHTML(): Tag footer invalid in Entity, line: 115 in C:\\localhost\\vendor\\phpoffice\\phpspreadsheet\\src\\PhpSpreadsheet\\Reader\\Html.php on line 703
[Sat Feb 08 15:33:24.536950 2025] [php:warn] [pid 17980:tid 1196] [client ::1:1318] PHP Warning:  DOMDocument::loadHTML(): Tag c-data invalid in Entity, line: 115 in C:\\localhost\\vendor\\phpoffice\\phpspreadsheet\\src\\PhpSpreadsheet\\Reader\\Html.php on line 703
[Sat Feb 08 15:33:24.536950 2025] [php:warn] [pid 17980:tid 1196] [client ::1:1318] PHP Warning:  DOMDocument::loadHTML(): End tag : expected '&gt;' in Entity, line: 162 in C:\\localhost\\vendor\\phpoffice\\phpspreadsheet\\src\\PhpSpreadsheet\\Reader\\Html.php on line 703
[Sat Feb 08 15:33:24.536950 2025] [php:warn] [pid 17980:tid 1196] [client ::1:1318] PHP Warning:  DOMDocument::loadHTML(): Unexpected end tag : g in Entity, line: 162 in C:\\localhost\\vendor\\phpoffice\\phpspreadsheet\\src\\PhpSpreadsheet\\Reader\\Html.php on line 703
[Sat Feb 08 15:33:24.536950 2025] [php:warn] [pid 17980:tid 1196] [client ::1:1318] PHP Warning:  DOMDocument::loadHTML(): Unexpected end tag : div in Entity, line: 165 in C:\\localhost\\vendor\\phpoffice\\phpspreadsheet\\src\\PhpSpreadsheet\\Reader\\Html.php on line 703
[Sat Feb 08 15:33:24.536950 2025] [php:warn] [pid 17980:tid 1196] [client ::1:1318] PHP Warning:  DOMDocument::loadHTML(): Unexpected end tag : div in Entity, line: 165 in C:\\localhost\\vendor\\phpoffice\\phpspreadsheet\\src\\PhpSpreadsheet\\Reader\\Html.php on line 703
[Sat Feb 08 15:33:24.536950 2025] [php:warn] [pid 17980:tid 1196] [client ::1:1318] PHP Warning:  DOMDocument::loadHTML(): Unexpected end tag : body in Entity, line: 165 in C:\\localhost\\vendor\\phpoffice\\phpspreadsheet\\src\\PhpSpreadsheet\\Reader\\Html.php on line 703
[Sat Feb 08 15:33:48.816527 2025] [php:warn] [pid 17980:tid 1192] [client ::1:1319] PHP Warning:  DOMDocument::loadHTML(): Tag c-wiz invalid in Entity, line: 39 in C:\\localhost\\vendor\\phpoffice\\phpspreadsheet\\src\\PhpSpreadsheet\\Reader\\Html.php on line 703
[Sat Feb 08 15:33:48.817528 2025] [php:warn] [pid 17980:tid 1192] [client ::1:1319] PHP Warning:  DOMDocument::loadHTML(): Tag c-data invalid in Entity, line: 39 in C:\\localhost\\vendor\\phpoffice\\phpspreadsheet\\src\\PhpSpreadsheet\\Reader\\Html.php on line 703
[Sat Feb 08 15:33:48.817528 2025] [php:warn] [pid 17980:tid 1192] [client ::1:1319] PHP Warning:  DOMDocument::loadHTML(): Tag section invalid in Entity, line: 39 in C:\\localhost\\vendor\\phpoffice\\phpspreadsheet\\src\\PhpSpreadsheet\\Reader\\Html.php on line 703
[Sat Feb 08 15:33:48.817528 2025] [php:warn] [pid 17980:tid 1192] [client ::1:1319] PHP Warning:  DOMDocument::loadHTML(): Tag c-wiz invalid in Entity, line: 53 in C:\\localhost\\vendor\\phpoffice\\phpspreadsheet\\src\\PhpSpreadsheet\\Reader\\Html.php on line 703
[Sat Feb 08 15:33:48.817528 2025] [php:warn] [pid 17980:tid 1192] [client ::1:1319] PHP Warning:  DOMDocument::loadHTML(): Tag c-data invalid in Entity, line: 115 in C:\\localhost\\vendor\\phpoffice\\phpspreadsheet\\src\\PhpSpreadsheet\\Reader\\Html.php on line 703
[Sat Feb 08 15:33:48.817528 2025] [php:warn] [pid 17980:tid 1192] [client ::1:1319] PHP Warning:  DOMDocument::loadHTML(): Unexpected end tag : div in Entity, line: 115 in C:\\localhost\\vendor\\phpoffice\\phpspreadsheet\\src\\PhpSpreadsheet\\Reader\\Html.php on line 703
[Sat Feb 08 15:33:48.817528 2025] [php:warn] [pid 17980:tid 1192] [client ::1:1319] PHP Warning:  DOMDocument::loadHTML(): Tag c-wiz invalid in Entity, line: 115 in C:\\localhost\\vendor\\phpoffice\\phpspreadsheet\\src\\PhpSpreadsheet\\Reader\\Html.php on line 703
[Sat Feb 08 15:33:48.817528 2025] [php:warn] [pid 17980:tid 1192] [client ::1:1319] PHP Warning:  DOMDocument::loadHTML(): Tag footer invalid in Entity, line: 115 in C:\\localhost\\vendor\\phpoffice\\phpspreadsheet\\src\\PhpSpreadsheet\\Reader\\Html.php on line 703
[Sat Feb 08 15:33:48.818527 2025] [php:warn] [pid 17980:tid 1192] [client ::1:1319] PHP Warning:  DOMDocument::loadHTML(): Tag c-data invalid in Entity, line: 115 in C:\\localhost\\vendor\\phpoffice\\phpspreadsheet\\src\\PhpSpreadsheet\\Reader\\Html.php on line 703
[Sat Feb 08 15:33:48.818527 2025] [php:warn] [pid 17980:tid 1192] [client ::1:1319] PHP Warning:  DOMDocument::loadHTML(): End tag : expected '&gt;' in Entity, line: 162 in C:\\localhost\\vendor\\phpoffice\\phpspreadsheet\\src\\PhpSpreadsheet\\Reader\\Html.php on line 703
[Sat Feb 08 15:33:48.818527 2025] [php:warn] [pid 17980:tid 1192] [client ::1:1319] PHP Warning:  DOMDocument::loadHTML(): Unexpected end tag : g in Entity, line: 162 in C:\\localhost\\vendor\\phpoffice\\phpspreadsheet\\src\\PhpSpreadsheet\\Reader\\Html.php on line 703
[Sat Feb 08 15:33:48.818527 2025] [php:warn] [pid 17980:tid 1192] [client ::1:1319] PHP Warning:  DOMDocument::loadHTML(): Unexpected end tag : div in Entity, line: 165 in C:\\localhost\\vendor\\phpoffice\\phpspreadsheet\\src\\PhpSpreadsheet\\Reader\\Html.php on line 703
[Sat Feb 08 15:33:48.818527 2025] [php:warn] [pid 17980:tid 1192] [client ::1:1319] PHP Warning:  DOMDocument::loadHTML(): Unexpected end tag : div in Entity, line: 165 in C:\\localhost\\vendor\\phpoffice\\phpspreadsheet\\src\\PhpSpreadsheet\\Reader\\Html.php on line 703
[Sat Feb 08 15:33:48.818527 2025] [php:warn] [pid 17980:tid 1192] [client ::1:1319] PHP Warning:  DOMDocument::loadHTML(): Unexpected end tag : body in Entity, line: 165 in C:\\localhost\\vendor\\phpoffice\\phpspreadsheet\\src\\PhpSpreadsheet\\Reader\\Html.php on line 703
[Sat Feb 08 15:36:45.607197 2025] [php:error] [pid 17980:tid 1196] [client ::1:1318] PHP Fatal error:  Maximum execution time of 30 seconds exceeded in C:\\localhost\\index.php on line 45
[Sat Feb 08 15:36:48.844480 2025] [php:error] [pid 17980:tid 1192] [client ::1:1319] PHP Fatal error:  Maximum execution time of 30 seconds exceeded in C:\\localhost\\index.php on line 45
[Sat Feb 08 15:37:33.398701 2025] [php:error] [pid 17980:tid 1188] [client ::1:1457] PHP Fatal error:  Maximum execution time of 30 seconds exceeded in C:\\localhost\\index.php on line 45
[Sat Feb 08 15:37:37.370794 2025] [php:error] [pid 17980:tid 1184] [client ::1:1458] PHP Fatal error:  Maximum execution time of 30 seconds exceeded in C:\\localhost\\index.php on line 45
[Sat Feb 08 15:37:40.100922 2025] [php:error] [pid 17980:tid 1172] [client ::1:1460] PHP Fatal error:  Maximum execution time of 30 seconds exceeded in C:\\localhost\\index.php on line 45
[Sat Feb 08 15:37:42.323165 2025] [php:error] [pid 17980:tid 1168] [client ::1:1462] PHP Fatal error:  Maximum execution time of 30 seconds exceeded in C:\\localhost\\index.php on line 45
[Sat Feb 08 15:37:42.371255 2025] [php:error] [pid 17980:tid 1160] [client ::1:1464] PHP Fatal error:  Maximum execution time of 30 seconds exceeded in C:\\localhost\\index.php on line 45
[Sat Feb 08 15:37:42.466171 2025] [php:error] [pid 17980:tid 1156] [client ::1:1467] PHP Fatal error:  Maximum execution time of 30 seconds exceeded in C:\\localhost\\index.php on line 45
[Sat Feb 08 15:37:58.488961 2025] [php:error] [pid 17980:tid 1148] [client ::1:1473] PHP Fatal error:  Maximum execution time of 30 seconds exceeded in C:\\localhost\\index.php on line 45
[Sat Feb 08 15:38:00.699380 2025] [php:error] [pid 17980:tid 1140] [client ::1:1484] PHP Fatal error:  Maximum execution time of 30 seconds exceeded in C:\\localhost\\index.php on line 45
[Sat Feb 08 16:28:29.237685 2025] [php:warn] [pid 17980:tid 1156] [client ::1:5077] PHP Warning:  Undefined variable $timestamp in C:\\localhost\\index.php on line 66
[Sat Feb 08 16:29:12.327739 2025] [php:warn] [pid 17980:tid 1148] [client ::1:5078] PHP Warning:  Undefined variable $timestamp in C:\\localhost\\index.php on line 66
[Sat Feb 08 16:29:19.154739 2025] [php:warn] [pid 17980:tid 1156] [client ::1:5108] PHP Warning:  Undefined variable $timestamp in C:\\localhost\\index.php on line 66
[Sat Feb 08 16:29:21.492736 2025] [php:warn] [pid 17980:tid 1140] [client ::1:5111] PHP Warning:  Undefined variable $timestamp in C:\\localhost\\index.php on line 66
